<?xml version="1.0" encoding="UTF-8"?>
<coverage generated="1675059732141" clover="3.2.0">
  <project timestamp="1675059732141" name="All files">
    <metrics statements="63" coveredstatements="63" conditionals="39" coveredconditionals="36" methods="23" coveredmethods="23" elements="125" coveredelements="122" complexity="0" loc="63" ncloc="63" packages="2" files="3" classes="3"/>
    <package name="core">
      <metrics statements="57" coveredstatements="57" conditionals="37" coveredconditionals="34" methods="21" coveredmethods="21"/>
      <file name="calendar.crawler.ts" path="F:\crawler\src\core\calendar.crawler.ts">
        <metrics statements="27" coveredstatements="27" conditionals="21" coveredconditionals="20" methods="11" coveredmethods="11"/>
        <line num="2" count="1" type="stmt"/>
        <line num="4" count="1" type="stmt"/>
        <line num="5" count="1" type="stmt"/>
        <line num="6" count="6" type="cond" truecount="1" falsecount="0"/>
        <line num="7" count="4" type="cond" truecount="3" falsecount="1"/>
        <line num="18" count="1" type="stmt"/>
        <line num="19" count="1410" type="stmt"/>
        <line num="21" count="704" type="cond" truecount="2" falsecount="0"/>
        <line num="22" count="702" type="cond" truecount="1" falsecount="0"/>
        <line num="24" count="1401" type="cond" truecount="1" falsecount="0"/>
        <line num="25" count="1400" type="cond" truecount="1" falsecount="0"/>
        <line num="26" count="1398" type="cond" truecount="1" falsecount="0"/>
        <line num="27" count="698" type="stmt"/>
        <line num="37" count="6" type="stmt"/>
        <line num="38" count="6" type="cond" truecount="6" falsecount="0"/>
        <line num="39" count="6" type="stmt"/>
        <line num="41" count="699" type="stmt"/>
        <line num="42" count="699" type="stmt"/>
        <line num="43" count="8389" type="stmt"/>
        <line num="46" count="699" type="cond" truecount="2" falsecount="0"/>
        <line num="47" count="698" type="stmt"/>
        <line num="61" count="1" type="stmt"/>
        <line num="64" count="4" type="stmt"/>
        <line num="75" count="4" type="cond" truecount="1" falsecount="0"/>
        <line num="76" count="3" type="cond" truecount="1" falsecount="0"/>
        <line num="77" count="3" type="stmt"/>
        <line num="79" count="1" type="stmt"/>
      </file>
      <file name="crawler.ts" path="F:\crawler\src\core\crawler.ts">
        <metrics statements="30" coveredstatements="30" conditionals="16" coveredconditionals="14" methods="10" coveredmethods="10"/>
        <line num="6" count="2" type="stmt"/>
        <line num="8" count="2" type="stmt"/>
        <line num="10" count="2" type="stmt"/>
        <line num="14" count="2" type="stmt"/>
        <line num="19" count="2" type="stmt"/>
        <line num="20" count="12" type="stmt"/>
        <line num="24" count="14" type="cond" truecount="2" falsecount="0"/>
        <line num="25" count="1" type="stmt"/>
        <line num="28" count="2" type="stmt"/>
        <line num="29" count="29" type="stmt"/>
        <line num="33" count="10" type="stmt"/>
        <line num="36" count="9" type="stmt"/>
        <line num="37" count="9" type="cond" truecount="2" falsecount="0"/>
        <line num="38" count="9" type="cond" truecount="2" falsecount="0"/>
        <line num="46" count="8" type="cond" truecount="0" falsecount="1"/>
        <line num="47" count="8" type="stmt"/>
        <line num="49" count="13" type="cond" truecount="2" falsecount="0"/>
        <line num="50" count="12" type="stmt"/>
        <line num="51" count="1" type="stmt"/>
        <line num="61" count="6" type="cond" truecount="0" falsecount="1"/>
        <line num="63" count="6" type="stmt"/>
        <line num="64" count="5" type="stmt"/>
        <line num="70" count="1" type="stmt"/>
        <line num="83" count="2" type="stmt"/>
        <line num="87" count="8" type="stmt"/>
        <line num="88" count="8" type="cond" truecount="2" falsecount="0"/>
        <line num="89" count="7" type="stmt"/>
        <line num="96" count="1" type="stmt"/>
        <line num="98" count="3" type="stmt"/>
        <line num="111" count="2" type="stmt"/>
      </file>
    </package>
    <package name="utils">
      <metrics statements="6" coveredstatements="6" conditionals="2" coveredconditionals="2" methods="2" coveredmethods="2"/>
      <file name="index.ts" path="F:\crawler\src\utils\index.ts">
        <metrics statements="6" coveredstatements="6" conditionals="2" coveredconditionals="2" methods="2" coveredmethods="2"/>
        <line num="8" count="22" type="stmt"/>
        <line num="9" count="22" type="cond" truecount="2" falsecount="0"/>
        <line num="13" count="18" type="stmt"/>
        <line num="14" count="18" type="stmt"/>
        <line num="18" count="3" type="stmt"/>
        <line num="19" count="3" type="stmt"/>
      </file>
    </package>
  </project>
</coverage>
