<?xml version="1.0" encoding="UTF-8"?>
<coverage generated="1674993501962" clover="3.2.0">
  <project timestamp="1674993501962" name="All files">
    <metrics statements="74" coveredstatements="74" conditionals="49" coveredconditionals="46" methods="27" coveredmethods="27" elements="150" coveredelements="147" complexity="0" loc="74" ncloc="74" packages="2" files="3" classes="3"/>
    <package name="core">
      <metrics statements="68" coveredstatements="68" conditionals="47" coveredconditionals="44" methods="25" coveredmethods="25"/>
      <file name="calendar.crawler.ts" path="F:\crawler\src\core\calendar.crawler.ts">
        <metrics statements="27" coveredstatements="27" conditionals="21" coveredconditionals="20" methods="11" coveredmethods="11"/>
        <line num="2" count="1" type="stmt"/>
        <line num="4" count="1" type="stmt"/>
        <line num="5" count="1" type="stmt"/>
        <line num="6" count="6" type="cond" truecount="1" falsecount="0"/>
        <line num="7" count="4" type="cond" truecount="3" falsecount="1"/>
        <line num="18" count="1" type="stmt"/>
        <line num="19" count="1410" type="stmt"/>
        <line num="21" count="704" type="cond" truecount="2" falsecount="0"/>
        <line num="22" count="702" type="cond" truecount="1" falsecount="0"/>
        <line num="24" count="1401" type="cond" truecount="1" falsecount="0"/>
        <line num="25" count="1400" type="cond" truecount="1" falsecount="0"/>
        <line num="26" count="1398" type="cond" truecount="1" falsecount="0"/>
        <line num="27" count="698" type="stmt"/>
        <line num="37" count="6" type="stmt"/>
        <line num="38" count="6" type="cond" truecount="6" falsecount="0"/>
        <line num="39" count="6" type="stmt"/>
        <line num="41" count="699" type="stmt"/>
        <line num="42" count="699" type="stmt"/>
        <line num="43" count="8389" type="stmt"/>
        <line num="46" count="699" type="cond" truecount="2" falsecount="0"/>
        <line num="47" count="698" type="stmt"/>
        <line num="61" count="1" type="stmt"/>
        <line num="64" count="4" type="stmt"/>
        <line num="75" count="4" type="cond" truecount="1" falsecount="0"/>
        <line num="76" count="3" type="cond" truecount="1" falsecount="0"/>
        <line num="77" count="3" type="stmt"/>
        <line num="79" count="1" type="stmt"/>
      </file>
      <file name="crawler.ts" path="F:\crawler\src\core\crawler.ts">
        <metrics statements="41" coveredstatements="41" conditionals="26" coveredconditionals="24" methods="14" coveredmethods="14"/>
        <line num="7" count="2" type="stmt"/>
        <line num="9" count="2" type="stmt"/>
        <line num="11" count="2" type="stmt"/>
        <line num="17" count="2" type="stmt"/>
        <line num="24" count="2" type="stmt"/>
        <line num="25" count="12" type="stmt"/>
        <line num="29" count="14" type="cond" truecount="2" falsecount="0"/>
        <line num="30" count="1" type="stmt"/>
        <line num="33" count="2" type="stmt"/>
        <line num="34" count="4" type="stmt"/>
        <line num="38" count="11" type="cond" truecount="4" falsecount="0"/>
        <line num="39" count="1" type="stmt"/>
        <line num="42" count="2" type="stmt"/>
        <line num="43" count="4" type="stmt"/>
        <line num="47" count="12" type="stmt"/>
        <line num="48" count="12" type="cond" truecount="2" falsecount="0"/>
        <line num="49" count="2" type="stmt"/>
        <line num="52" count="2" type="stmt"/>
        <line num="53" count="29" type="stmt"/>
        <line num="57" count="10" type="stmt"/>
        <line num="60" count="9" type="stmt"/>
        <line num="61" count="9" type="cond" truecount="2" falsecount="0"/>
        <line num="62" count="9" type="cond" truecount="2" falsecount="0"/>
        <line num="63" count="9" type="cond" truecount="2" falsecount="0"/>
        <line num="64" count="9" type="cond" truecount="2" falsecount="0"/>
        <line num="72" count="8" type="cond" truecount="0" falsecount="1"/>
        <line num="73" count="8" type="stmt"/>
        <line num="75" count="13" type="cond" truecount="2" falsecount="0"/>
        <line num="76" count="12" type="stmt"/>
        <line num="77" count="1" type="stmt"/>
        <line num="87" count="6" type="cond" truecount="0" falsecount="1"/>
        <line num="89" count="6" type="stmt"/>
        <line num="90" count="5" type="stmt"/>
        <line num="96" count="1" type="stmt"/>
        <line num="109" count="2" type="stmt"/>
        <line num="113" count="8" type="stmt"/>
        <line num="114" count="8" type="cond" truecount="2" falsecount="0"/>
        <line num="115" count="7" type="stmt"/>
        <line num="122" count="1" type="stmt"/>
        <line num="124" count="3" type="stmt"/>
        <line num="137" count="2" type="stmt"/>
      </file>
    </package>
    <package name="utils">
      <metrics statements="6" coveredstatements="6" conditionals="2" coveredconditionals="2" methods="2" coveredmethods="2"/>
      <file name="index.ts" path="F:\crawler\src\utils\index.ts">
        <metrics statements="6" coveredstatements="6" conditionals="2" coveredconditionals="2" methods="2" coveredmethods="2"/>
        <line num="8" count="34" type="stmt"/>
        <line num="9" count="34" type="cond" truecount="2" falsecount="0"/>
        <line num="13" count="18" type="stmt"/>
        <line num="14" count="18" type="stmt"/>
        <line num="18" count="3" type="stmt"/>
        <line num="19" count="3" type="stmt"/>
      </file>
    </package>
  </project>
</coverage>
