{"F:\\crawler\\src\\core\\calendar.crawler.ts": {"path":"F:\\crawler\\src\\core\\calendar.crawler.ts","statementMap":{"0":{"start":{"line":2,"column":0},"end":{"line":2,"column":32}},"1":{"start":{"line":4,"column":0},"end":{"line":4,"column":null}},"2":{"start":{"line":4,"column":45},"end":{"line":4,"column":52}},"3":{"start":{"line":6,"column":16},"end":{"line":6,"column":null}},"4":{"start":{"line":7,"column":8},"end":{"line":9,"column":null}},"5":{"start":{"line":18,"column":12},"end":{"line":28,"column":null}},"6":{"start":{"line":19,"column":35},"end":{"line":19,"column":76}},"7":{"start":{"line":19,"column":63},"end":{"line":19,"column":76}},"8":{"start":{"line":21,"column":8},"end":{"line":22,"column":99}},"9":{"start":{"line":21,"column":29},"end":{"line":21,"column":null}},"10":{"start":{"line":22,"column":13},"end":{"line":22,"column":99}},"11":{"start":{"line":22,"column":34},"end":{"line":22,"column":99}},"12":{"start":{"line":24,"column":8},"end":{"line":24,"column":83}},"13":{"start":{"line":24,"column":29},"end":{"line":24,"column":39}},"14":{"start":{"line":24,"column":41},"end":{"line":24,"column":83}},"15":{"start":{"line":25,"column":8},"end":{"line":25,"column":91}},"16":{"start":{"line":25,"column":29},"end":{"line":25,"column":39}},"17":{"start":{"line":25,"column":41},"end":{"line":25,"column":91}},"18":{"start":{"line":26,"column":8},"end":{"line":26,"column":90}},"19":{"start":{"line":26,"column":29},"end":{"line":26,"column":41}},"20":{"start":{"line":26,"column":43},"end":{"line":26,"column":90}},"21":{"start":{"line":27,"column":8},"end":{"line":27,"column":19}},"22":{"start":{"line":37,"column":14},"end":{"line":68,"column":null}},"23":{"start":{"line":37,"column":4},"end":{"line":37,"column":14}},"24":{"start":{"line":38,"column":38},"end":{"line":38,"column":99}},"25":{"start":{"line":39,"column":36},"end":{"line":62,"column":10}},"26":{"start":{"line":41,"column":42},"end":{"line":41,"column":71}},"27":{"start":{"line":42,"column":35},"end":{"line":43,"column":62}},"28":{"start":{"line":43,"column":16},"end":{"line":43,"column":62}},"29":{"start":{"line":46,"column":12},"end":{"line":61,"column":66}},"30":{"start":{"line":47,"column":16},"end":{"line":60,"column":null}},"31":{"start":{"line":61,"column":19},"end":{"line":61,"column":66}},"32":{"start":{"line":64,"column":8},"end":{"line":67,"column":null}},"33":{"start":{"line":75,"column":17},"end":{"line":78,"column":null}},"34":{"start":{"line":75,"column":29},"end":{"line":75,"column":null}},"35":{"start":{"line":76,"column":15},"end":{"line":76,"column":null}},"36":{"start":{"line":77,"column":13},"end":{"line":77,"column":67}},"37":{"start":{"line":76,"column":8},"end":{"line":77,"column":68}},"38":{"start":{"line":5,"column":28},"end":{"line":5,"column":91}},"39":{"start":{"line":79,"column":0},"end":{"line":79,"column":null}},"40":{"start":{"line":4,"column":21},"end":{"line":4,"column":45}}},"fnMap":{"0":{"name":"(anonymous_20)","decl":{"start":{"line":4,"column":0},"end":{"line":4,"column":21}},"loc":{"start":{"line":4,"column":0},"end":{"line":4,"column":21}}},"1":{"name":"CalendarCrawler","decl":{"start":{"line":6,"column":4},"end":{"line":6,"column":16}},"loc":{"start":{"line":6,"column":42},"end":{"line":10,"column":5}}},"2":{"name":"(anonymous_22)","decl":{"start":{"line":18,"column":4},"end":{"line":18,"column":12}},"loc":{"start":{"line":18,"column":36},"end":{"line":28,"column":5}}},"3":{"name":"(anonymous_23)","decl":{"start":{"line":19,"column":55},"end":{"line":19,"column":59}},"loc":{"start":{"line":19,"column":59},"end":{"line":19,"column":69}}},"4":{"name":"(anonymous_24)","decl":{"start":{"line":24,"column":21},"end":{"line":24,"column":25}},"loc":{"start":{"line":24,"column":25},"end":{"line":24,"column":33}}},"5":{"name":"(anonymous_25)","decl":{"start":{"line":25,"column":21},"end":{"line":25,"column":25}},"loc":{"start":{"line":25,"column":25},"end":{"line":25,"column":33}}},"6":{"name":"(anonymous_26)","decl":{"start":{"line":26,"column":21},"end":{"line":26,"column":25}},"loc":{"start":{"line":26,"column":25},"end":{"line":26,"column":34}}},"7":{"name":"(anonymous_27)","decl":{"start":{"line":37,"column":4},"end":{"line":37,"column":14}},"loc":{"start":{"line":37,"column":32},"end":{"line":68,"column":5}}},"8":{"name":"(anonymous_28)","decl":{"start":{"line":39,"column":52},"end":{"line":39,"column":56}},"loc":{"start":{"line":39,"column":56},"end":{"line":62,"column":9}}},"9":{"name":"(anonymous_29)","decl":{"start":{"line":42,"column":51},"end":{"line":42,"column":58}},"loc":{"start":{"line":42,"column":58},"end":{"line":43,"column":23}}},"10":{"name":"(anonymous_30)","decl":{"start":{"line":75,"column":4},"end":{"line":75,"column":17}},"loc":{"start":{"line":75,"column":46},"end":{"line":78,"column":null}}}},"branchMap":{"0":{"loc":{"start":{"line":6,"column":16},"end":{"line":6,"column":null}},"type":"if","locations":[{"start":{"line":6,"column":16},"end":{"line":6,"column":null}}]},"1":{"loc":{"start":{"line":7,"column":8},"end":{"line":9,"column":null}},"type":"binary-expr","locations":[{"start":{"line":7,"column":8},"end":{"line":9,"column":10}},{"start":{"line":9,"column":10},"end":{"line":9,"column":null}}]},"2":{"loc":{"start":{"line":7,"column":14},"end":{"line":9,"column":10}},"type":"binary-expr","locations":[{"start":{"line":7,"column":14},"end":{"line":7,"column":20}},{"start":{"line":7,"column":24},"end":{"line":9,"column":10}}]},"3":{"loc":{"start":{"line":21,"column":8},"end":{"line":22,"column":99}},"type":"if","locations":[{"start":{"line":21,"column":8},"end":{"line":22,"column":99}},{"start":{"line":22,"column":13},"end":{"line":22,"column":99}}]},"4":{"loc":{"start":{"line":22,"column":13},"end":{"line":22,"column":99}},"type":"if","locations":[{"start":{"line":22,"column":13},"end":{"line":22,"column":99}}]},"5":{"loc":{"start":{"line":24,"column":8},"end":{"line":24,"column":83}},"type":"if","locations":[{"start":{"line":24,"column":8},"end":{"line":24,"column":83}}]},"6":{"loc":{"start":{"line":25,"column":8},"end":{"line":25,"column":91}},"type":"if","locations":[{"start":{"line":25,"column":8},"end":{"line":25,"column":91}}]},"7":{"loc":{"start":{"line":26,"column":8},"end":{"line":26,"column":90}},"type":"if","locations":[{"start":{"line":26,"column":8},"end":{"line":26,"column":90}}]},"8":{"loc":{"start":{"line":38,"column":38},"end":{"line":38,"column":99}},"type":"binary-expr","locations":[{"start":{"line":38,"column":38},"end":{"line":38,"column":93}},{"start":{"line":38,"column":97},"end":{"line":38,"column":99}}]},"9":{"loc":{"start":{"line":38,"column":38},"end":{"line":38,"column":93}},"type":"cond-expr","locations":[{"start":{"line":38,"column":83},"end":{"line":38,"column":85}},{"start":{"line":38,"column":83},"end":{"line":38,"column":93}}]},"10":{"loc":{"start":{"line":38,"column":38},"end":{"line":38,"column":85}},"type":"binary-expr","locations":[{"start":{"line":38,"column":38},"end":{"line":38,"column":85}},{"start":{"line":38,"column":83},"end":{"line":38,"column":85}}]},"11":{"loc":{"start":{"line":46,"column":12},"end":{"line":61,"column":66}},"type":"if","locations":[{"start":{"line":46,"column":12},"end":{"line":61,"column":66}},{"start":{"line":61,"column":19},"end":{"line":61,"column":66}}]},"12":{"loc":{"start":{"line":75,"column":29},"end":{"line":75,"column":null}},"type":"if","locations":[{"start":{"line":75,"column":29},"end":{"line":75,"column":null}}]},"13":{"loc":{"start":{"line":76,"column":8},"end":{"line":77,"column":68}},"type":"switch","locations":[{"start":{"line":76,"column":8},"end":{"line":77,"column":68}}]}},"s":{"0":1,"1":1,"2":1,"3":6,"4":4,"5":1,"6":704,"7":1410,"8":704,"9":2,"10":702,"11":1,"12":701,"13":1401,"14":1,"15":700,"16":1400,"17":1,"18":699,"19":1398,"20":1,"21":698,"22":1,"23":6,"24":6,"25":6,"26":699,"27":699,"28":8389,"29":699,"30":698,"31":1,"32":4,"33":1,"34":4,"35":3,"36":3,"37":3,"38":1,"39":1,"40":1},"f":{"0":1,"1":4,"2":704,"3":1410,"4":1401,"5":1400,"6":1398,"7":6,"8":699,"9":8389,"10":3},"b":{"0":[2],"1":[4,4],"2":[4,0],"3":[2,702],"4":[1],"5":[1],"6":[1],"7":[1],"8":[6,1],"9":[1,5],"10":[6,5],"11":[698,1],"12":[1],"13":[3]}}
,"F:\\crawler\\src\\core\\crawler.ts": {"path":"F:\\crawler\\src\\core\\crawler.ts","statementMap":{"0":{"start":{"line":7,"column":0},"end":{"line":7,"column":26}},"1":{"start":{"line":9,"column":0},"end":{"line":9,"column":52}},"2":{"start":{"line":11,"column":0},"end":{"line":11,"column":30}},"3":{"start":{"line":60,"column":29},"end":{"line":60,"column":31}},"4":{"start":{"line":60,"column":36},"end":{"line":60,"column":38}},"5":{"start":{"line":60,"column":48},"end":{"line":60,"column":50}},"6":{"start":{"line":60,"column":56},"end":{"line":60,"column":73}},"7":{"start":{"line":61,"column":8},"end":{"line":61,"column":55}},"8":{"start":{"line":62,"column":8},"end":{"line":62,"column":58}},"9":{"start":{"line":63,"column":8},"end":{"line":63,"column":73}},"10":{"start":{"line":64,"column":8},"end":{"line":64,"column":61}},"11":{"start":{"line":24,"column":4},"end":{"line":26,"column":null}},"12":{"start":{"line":25,"column":8},"end":{"line":25,"column":26}},"13":{"start":{"line":29,"column":8},"end":{"line":30,"column":64}},"14":{"start":{"line":29,"column":30},"end":{"line":29,"column":null}},"15":{"start":{"line":30,"column":13},"end":{"line":30,"column":64}},"16":{"start":{"line":33,"column":4},"end":{"line":35,"column":null}},"17":{"start":{"line":34,"column":8},"end":{"line":34,"column":27}},"18":{"start":{"line":38,"column":8},"end":{"line":39,"column":67}},"19":{"start":{"line":38,"column":41},"end":{"line":38,"column":null}},"20":{"start":{"line":39,"column":13},"end":{"line":39,"column":67}},"21":{"start":{"line":42,"column":4},"end":{"line":44,"column":null}},"22":{"start":{"line":43,"column":8},"end":{"line":43,"column":32}},"23":{"start":{"line":47,"column":20},"end":{"line":47,"column":27}},"24":{"start":{"line":48,"column":8},"end":{"line":49,"column":73}},"25":{"start":{"line":48,"column":45},"end":{"line":48,"column":null}},"26":{"start":{"line":49,"column":13},"end":{"line":49,"column":73}},"27":{"start":{"line":52,"column":4},"end":{"line":54,"column":null}},"28":{"start":{"line":53,"column":8},"end":{"line":53,"column":28}},"29":{"start":{"line":57,"column":8},"end":{"line":57,"column":27}},"30":{"start":{"line":72,"column":12},"end":{"line":80,"column":null}},"31":{"start":{"line":72,"column":4},"end":{"line":72,"column":12}},"32":{"start":{"line":72,"column":23},"end":{"line":72,"column":null}},"33":{"start":{"line":73,"column":8},"end":{"line":79,"column":23}},"34":{"start":{"line":75,"column":16},"end":{"line":77,"column":null}},"35":{"start":{"line":76,"column":20},"end":{"line":76,"column":67}},"36":{"start":{"line":77,"column":21},"end":{"line":77,"column":null}},"37":{"start":{"line":87,"column":20},"end":{"line":102,"column":null}},"38":{"start":{"line":87,"column":26},"end":{"line":87,"column":null}},"39":{"start":{"line":89,"column":29},"end":{"line":89,"column":null}},"40":{"start":{"line":89,"column":18},"end":{"line":89,"column":null}},"41":{"start":{"line":90,"column":12},"end":{"line":94,"column":null}},"42":{"start":{"line":96,"column":12},"end":{"line":100,"column":null}},"43":{"start":{"line":109,"column":14},"end":{"line":130,"column":null}},"44":{"start":{"line":113,"column":8},"end":{"line":129,"column":null}},"45":{"start":{"line":114,"column":12},"end":{"line":122,"column":56}},"46":{"start":{"line":115,"column":16},"end":{"line":121,"column":null}},"47":{"start":{"line":122,"column":19},"end":{"line":122,"column":56}},"48":{"start":{"line":124,"column":12},"end":{"line":128,"column":null}},"49":{"start":{"line":17,"column":27},"end":{"line":22,"column":null}},"50":{"start":{"line":137,"column":0},"end":{"line":137,"column":null}},"51":{"start":{"line":11,"column":30},"end":{"line":11,"column":null}}},"fnMap":{"0":{"name":"(anonymous_14)","decl":{"start":{"line":11,"column":0},"end":{"line":11,"column":30}},"loc":{"start":{"line":11,"column":0},"end":{"line":11,"column":30}}},"1":{"name":"Crawler","decl":{"start":{"line":60,"column":4},"end":{"line":60,"column":23}},"loc":{"start":{"line":60,"column":73},"end":{"line":65,"column":5}}},"2":{"name":"(anonymous_16)","decl":{"start":{"line":24,"column":4},"end":{"line":24,"column":15}},"loc":{"start":{"line":24,"column":4},"end":{"line":26,"column":5}}},"3":{"name":"(anonymous_17)","decl":{"start":{"line":28,"column":4},"end":{"line":28,"column":20}},"loc":{"start":{"line":28,"column":32},"end":{"line":31,"column":5}}},"4":{"name":"(anonymous_18)","decl":{"start":{"line":33,"column":4},"end":{"line":33,"column":15}},"loc":{"start":{"line":33,"column":4},"end":{"line":35,"column":5}}},"5":{"name":"(anonymous_19)","decl":{"start":{"line":37,"column":4},"end":{"line":37,"column":21}},"loc":{"start":{"line":37,"column":34},"end":{"line":40,"column":5}}},"6":{"name":"(anonymous_20)","decl":{"start":{"line":42,"column":4},"end":{"line":42,"column":15}},"loc":{"start":{"line":42,"column":4},"end":{"line":44,"column":5}}},"7":{"name":"(anonymous_21)","decl":{"start":{"line":46,"column":4},"end":{"line":46,"column":26}},"loc":{"start":{"line":46,"column":44},"end":{"line":50,"column":5}}},"8":{"name":"(anonymous_22)","decl":{"start":{"line":52,"column":4},"end":{"line":52,"column":15}},"loc":{"start":{"line":52,"column":4},"end":{"line":54,"column":5}}},"9":{"name":"(anonymous_23)","decl":{"start":{"line":56,"column":4},"end":{"line":56,"column":22}},"loc":{"start":{"line":56,"column":46},"end":{"line":58,"column":5}}},"10":{"name":"(anonymous_24)","decl":{"start":{"line":72,"column":4},"end":{"line":72,"column":12}},"loc":{"start":{"line":72,"column":40},"end":{"line":80,"column":5}}},"11":{"name":"(anonymous_25)","decl":{"start":{"line":74,"column":17},"end":{"line":74,"column":20}},"loc":{"start":{"line":74,"column":20},"end":{"line":78,"column":13}}},"12":{"name":"(anonymous_26)","decl":{"start":{"line":87,"column":4},"end":{"line":87,"column":20}},"loc":{"start":{"line":87,"column":43},"end":{"line":102,"column":null}}},"13":{"name":"(anonymous_29)","decl":{"start":{"line":109,"column":4},"end":{"line":109,"column":14}},"loc":{"start":{"line":111,"column":36},"end":{"line":130,"column":5}}}},"branchMap":{"0":{"loc":{"start":{"line":61,"column":20},"end":{"line":61,"column":54}},"type":"binary-expr","locations":[{"start":{"line":61,"column":20},"end":{"line":61,"column":24}},{"start":{"line":61,"column":28},"end":{"line":61,"column":54}}]},"1":{"loc":{"start":{"line":62,"column":21},"end":{"line":62,"column":57}},"type":"binary-expr","locations":[{"start":{"line":62,"column":21},"end":{"line":62,"column":26}},{"start":{"line":62,"column":30},"end":{"line":62,"column":57}}]},"2":{"loc":{"start":{"line":63,"column":26},"end":{"line":63,"column":72}},"type":"binary-expr","locations":[{"start":{"line":63,"column":26},"end":{"line":63,"column":36}},{"start":{"line":63,"column":40},"end":{"line":63,"column":72}}]},"3":{"loc":{"start":{"line":64,"column":22},"end":{"line":64,"column":60}},"type":"binary-expr","locations":[{"start":{"line":64,"column":22},"end":{"line":64,"column":28}},{"start":{"line":64,"column":32},"end":{"line":64,"column":60}}]},"4":{"loc":{"start":{"line":29,"column":8},"end":{"line":30,"column":64}},"type":"if","locations":[{"start":{"line":29,"column":8},"end":{"line":30,"column":64}},{"start":{"line":30,"column":13},"end":{"line":30,"column":64}}]},"5":{"loc":{"start":{"line":38,"column":8},"end":{"line":39,"column":67}},"type":"if","locations":[{"start":{"line":38,"column":8},"end":{"line":39,"column":67}},{"start":{"line":39,"column":13},"end":{"line":39,"column":67}}]},"6":{"loc":{"start":{"line":38,"column":12},"end":{"line":38,"column":39}},"type":"binary-expr","locations":[{"start":{"line":38,"column":12},"end":{"line":38,"column":22}},{"start":{"line":38,"column":26},"end":{"line":38,"column":39}}]},"7":{"loc":{"start":{"line":48,"column":8},"end":{"line":49,"column":73}},"type":"if","locations":[{"start":{"line":48,"column":8},"end":{"line":49,"column":73}},{"start":{"line":49,"column":13},"end":{"line":49,"column":73}}]},"8":{"loc":{"start":{"line":72,"column":23},"end":{"line":72,"column":null}},"type":"if","locations":[{"start":{"line":72,"column":23},"end":{"line":72,"column":null}}]},"9":{"loc":{"start":{"line":75,"column":16},"end":{"line":77,"column":null}},"type":"if","locations":[{"start":{"line":75,"column":16},"end":{"line":77,"column":null}},{"start":{"line":77,"column":21},"end":{"line":77,"column":null}}]},"10":{"loc":{"start":{"line":87,"column":26},"end":{"line":87,"column":null}},"type":"if","locations":[{"start":{"line":87,"column":26},"end":{"line":87,"column":null}}]},"11":{"loc":{"start":{"line":92,"column":22},"end":{"line":92,"column":68}},"type":"cond-expr","locations":[{"start":{"line":92,"column":50},"end":{"line":92,"column":63}},{"start":{"line":92,"column":66},"end":{"line":92,"column":68}}]},"12":{"loc":{"start":{"line":114,"column":12},"end":{"line":122,"column":56}},"type":"if","locations":[{"start":{"line":114,"column":12},"end":{"line":122,"column":56}},{"start":{"line":122,"column":19},"end":{"line":122,"column":56}}]},"13":{"loc":{"start":{"line":117,"column":26},"end":{"line":119,"column":54}},"type":"cond-expr","locations":[{"start":{"line":118,"column":26},"end":{"line":118,"column":50}},{"start":{"line":119,"column":26},"end":{"line":119,"column":54}}]}},"s":{"0":2,"1":2,"2":2,"3":9,"4":9,"5":9,"6":9,"7":9,"8":9,"9":9,"10":9,"11":2,"12":12,"13":14,"14":13,"15":1,"16":2,"17":4,"18":11,"19":10,"20":1,"21":2,"22":4,"23":12,"24":12,"25":10,"26":2,"27":2,"28":29,"29":10,"30":2,"31":8,"32":8,"33":8,"34":13,"35":12,"36":1,"37":2,"38":6,"39":6,"40":6,"41":5,"42":1,"43":2,"44":8,"45":8,"46":7,"47":1,"48":3,"49":2,"50":2,"51":2},"f":{"0":2,"1":9,"2":12,"3":14,"4":4,"5":11,"6":4,"7":12,"8":29,"9":10,"10":8,"11":13,"12":6,"13":8},"b":{"0":[9,6],"1":[9,9],"2":[9,8],"3":[9,5],"4":[13,1],"5":[10,1],"6":[11,10],"7":[10,2],"8":[0],"9":[12,1],"10":[0],"11":[4,1],"12":[7,1],"13":[2,5]}}
,"F:\\crawler\\src\\utils\\index.ts": {"path":"F:\\crawler\\src\\utils\\index.ts","statementMap":{"0":{"start":{"line":8,"column":22},"end":{"line":8,"column":40}},"1":{"start":{"line":9,"column":4},"end":{"line":9,"column":69}},"2":{"start":{"line":18,"column":4},"end":{"line":18,"column":16}},"3":{"start":{"line":13,"column":16},"end":{"line":13,"column":70}},"4":{"start":{"line":14,"column":4},"end":{"line":14,"column":38}},"5":{"start":{"line":19,"column":4},"end":{"line":19,"column":14}}},"fnMap":{"0":{"name":"isExactMatch","decl":{"start":{"line":7,"column":9},"end":{"line":7,"column":21}},"loc":{"start":{"line":7,"column":50},"end":{"line":10,"column":1}}},"1":{"name":"isValidURL","decl":{"start":{"line":12,"column":9},"end":{"line":12,"column":19}},"loc":{"start":{"line":12,"column":33},"end":{"line":15,"column":1}}}},"branchMap":{"0":{"loc":{"start":{"line":9,"column":12},"end":{"line":9,"column":43}},"type":"cond-expr","locations":[{"start":{"line":9,"column":26},"end":{"line":9,"column":38}},{"start":{"line":9,"column":41},"end":{"line":9,"column":43}}]}},"s":{"0":34,"1":34,"2":3,"3":18,"4":18,"5":3},"f":{"0":34,"1":18},"b":{"0":[28,6]}}
}
