TN:
SF:src\core\calendar.crawler.ts
FN:4,(anonymous_20)
FN:6,CalendarCrawler
FN:18,(anonymous_22)
FN:19,(anonymous_23)
FN:24,(anonymous_24)
FN:25,(anonymous_25)
FN:26,(anonymous_26)
FN:37,(anonymous_27)
FN:39,(anonymous_28)
FN:42,(anonymous_29)
FN:75,(anonymous_30)
FNF:11
FNH:11
FNDA:1,(anonymous_20)
FNDA:4,CalendarCrawler
FNDA:704,(anonymous_22)
FNDA:1410,(anonymous_23)
FNDA:1401,(anonymous_24)
FNDA:1400,(anonymous_25)
FNDA:1398,(anonymous_26)
FNDA:6,(anonymous_27)
FNDA:699,(anonymous_28)
FNDA:8389,(anonymous_29)
FNDA:3,(anonymous_30)
DA:2,1
DA:4,1
DA:5,1
DA:6,6
DA:7,4
DA:18,1
DA:19,1410
DA:21,704
DA:22,702
DA:24,1401
DA:25,1400
DA:26,1398
DA:27,698
DA:37,6
DA:38,6
DA:39,6
DA:41,699
DA:42,699
DA:43,8389
DA:46,699
DA:47,698
DA:61,1
DA:64,4
DA:75,4
DA:76,3
DA:77,3
DA:79,1
LF:27
LH:27
BRDA:6,0,0,2
BRDA:7,1,0,4
BRDA:7,1,1,4
BRDA:7,2,0,4
BRDA:7,2,1,0
BRDA:21,3,0,2
BRDA:21,3,1,702
BRDA:22,4,0,1
BRDA:24,5,0,1
BRDA:25,6,0,1
BRDA:26,7,0,1
BRDA:38,8,0,6
BRDA:38,8,1,1
BRDA:38,9,0,1
BRDA:38,9,1,5
BRDA:38,10,0,6
BRDA:38,10,1,5
BRDA:46,11,0,698
BRDA:46,11,1,1
BRDA:75,12,0,1
BRDA:76,13,0,3
BRF:21
BRH:20
end_of_record
TN:
SF:src\core\crawler.ts
FN:10,(anonymous_14)
FN:36,Crawler
FN:19,(anonymous_16)
FN:23,(anonymous_17)
FN:28,(anonymous_18)
FN:32,(anonymous_19)
FN:46,(anonymous_20)
FN:48,(anonymous_21)
FN:61,(anonymous_22)
FN:83,(anonymous_25)
FNF:10
FNH:10
FNDA:2,(anonymous_14)
FNDA:9,Crawler
FNDA:12,(anonymous_16)
FNDA:14,(anonymous_17)
FNDA:29,(anonymous_18)
FNDA:10,(anonymous_19)
FNDA:8,(anonymous_20)
FNDA:13,(anonymous_21)
FNDA:6,(anonymous_22)
FNDA:8,(anonymous_25)
DA:6,2
DA:8,2
DA:10,2
DA:14,2
DA:19,2
DA:20,12
DA:24,14
DA:25,1
DA:28,2
DA:29,29
DA:33,10
DA:36,9
DA:37,9
DA:38,9
DA:46,8
DA:47,8
DA:49,13
DA:50,12
DA:51,1
DA:61,6
DA:63,6
DA:64,5
DA:70,1
DA:83,2
DA:87,8
DA:88,8
DA:89,7
DA:96,1
DA:98,3
DA:111,2
LF:30
LH:30
BRDA:37,0,0,9
BRDA:37,0,1,6
BRDA:38,1,0,9
BRDA:38,1,1,5
BRDA:24,2,0,13
BRDA:24,2,1,1
BRDA:46,3,0,0
BRDA:49,4,0,12
BRDA:49,4,1,1
BRDA:61,5,0,0
BRDA:66,6,0,4
BRDA:66,6,1,1
BRDA:88,7,0,7
BRDA:88,7,1,1
BRDA:91,8,0,2
BRDA:91,8,1,5
BRF:16
BRH:14
end_of_record
TN:
SF:src\utils\index.ts
FN:7,isExactMatch
FN:12,isValidURL
FNF:2
FNH:2
FNDA:22,isExactMatch
FNDA:18,isValidURL
DA:8,22
DA:9,22
DA:13,18
DA:14,18
DA:18,3
DA:19,3
LF:6
LH:6
BRDA:9,0,0,17
BRDA:9,0,1,5
BRF:2
BRH:2
end_of_record
