TN:
SF:src\core\calendar.crawler.ts
FN:4,(anonymous_20)
FN:6,CalendarCrawler
FN:18,(anonymous_22)
FN:19,(anonymous_23)
FN:24,(anonymous_24)
FN:25,(anonymous_25)
FN:26,(anonymous_26)
FN:37,(anonymous_27)
FN:39,(anonymous_28)
FN:42,(anonymous_29)
FN:75,(anonymous_30)
FNF:11
FNH:11
FNDA:1,(anonymous_20)
FNDA:4,CalendarCrawler
FNDA:704,(anonymous_22)
FNDA:1410,(anonymous_23)
FNDA:1401,(anonymous_24)
FNDA:1400,(anonymous_25)
FNDA:1398,(anonymous_26)
FNDA:6,(anonymous_27)
FNDA:699,(anonymous_28)
FNDA:8389,(anonymous_29)
FNDA:3,(anonymous_30)
DA:2,1
DA:4,1
DA:5,1
DA:6,6
DA:7,4
DA:18,1
DA:19,1410
DA:21,704
DA:22,702
DA:24,1401
DA:25,1400
DA:26,1398
DA:27,698
DA:37,6
DA:38,6
DA:39,6
DA:41,699
DA:42,699
DA:43,8389
DA:46,699
DA:47,698
DA:61,1
DA:64,4
DA:75,4
DA:76,3
DA:77,3
DA:79,1
LF:27
LH:27
BRDA:6,0,0,2
BRDA:7,1,0,4
BRDA:7,1,1,4
BRDA:7,2,0,4
BRDA:7,2,1,0
BRDA:21,3,0,2
BRDA:21,3,1,702
BRDA:22,4,0,1
BRDA:24,5,0,1
BRDA:25,6,0,1
BRDA:26,7,0,1
BRDA:38,8,0,6
BRDA:38,8,1,1
BRDA:38,9,0,1
BRDA:38,9,1,5
BRDA:38,10,0,6
BRDA:38,10,1,5
BRDA:46,11,0,698
BRDA:46,11,1,1
BRDA:75,12,0,1
BRDA:76,13,0,3
BRF:21
BRH:20
end_of_record
TN:
SF:src\core\crawler.ts
FN:11,(anonymous_14)
FN:60,Crawler
FN:24,(anonymous_16)
FN:28,(anonymous_17)
FN:33,(anonymous_18)
FN:37,(anonymous_19)
FN:42,(anonymous_20)
FN:46,(anonymous_21)
FN:52,(anonymous_22)
FN:56,(anonymous_23)
FN:72,(anonymous_24)
FN:74,(anonymous_25)
FN:87,(anonymous_26)
FN:109,(anonymous_29)
FNF:14
FNH:14
FNDA:2,(anonymous_14)
FNDA:9,Crawler
FNDA:12,(anonymous_16)
FNDA:14,(anonymous_17)
FNDA:4,(anonymous_18)
FNDA:11,(anonymous_19)
FNDA:4,(anonymous_20)
FNDA:12,(anonymous_21)
FNDA:29,(anonymous_22)
FNDA:10,(anonymous_23)
FNDA:8,(anonymous_24)
FNDA:13,(anonymous_25)
FNDA:6,(anonymous_26)
FNDA:8,(anonymous_29)
DA:7,2
DA:9,2
DA:11,2
DA:17,2
DA:24,2
DA:25,12
DA:29,14
DA:30,1
DA:33,2
DA:34,4
DA:38,11
DA:39,1
DA:42,2
DA:43,4
DA:47,12
DA:48,12
DA:49,2
DA:52,2
DA:53,29
DA:57,10
DA:60,9
DA:61,9
DA:62,9
DA:63,9
DA:64,9
DA:72,8
DA:73,8
DA:75,13
DA:76,12
DA:77,1
DA:87,6
DA:89,6
DA:90,5
DA:96,1
DA:109,2
DA:113,8
DA:114,8
DA:115,7
DA:122,1
DA:124,3
DA:137,2
LF:41
LH:41
BRDA:61,0,0,9
BRDA:61,0,1,6
BRDA:62,1,0,9
BRDA:62,1,1,9
BRDA:63,2,0,9
BRDA:63,2,1,8
BRDA:64,3,0,9
BRDA:64,3,1,5
BRDA:29,4,0,13
BRDA:29,4,1,1
BRDA:38,5,0,10
BRDA:38,5,1,1
BRDA:38,6,0,11
BRDA:38,6,1,10
BRDA:48,7,0,10
BRDA:48,7,1,2
BRDA:72,8,0,0
BRDA:75,9,0,12
BRDA:75,9,1,1
BRDA:87,10,0,0
BRDA:92,11,0,4
BRDA:92,11,1,1
BRDA:114,12,0,7
BRDA:114,12,1,1
BRDA:117,13,0,2
BRDA:117,13,1,5
BRF:26
BRH:24
end_of_record
TN:
SF:src\utils\index.ts
FN:7,isExactMatch
FN:12,isValidURL
FNF:2
FNH:2
FNDA:34,isExactMatch
FNDA:18,isValidURL
DA:8,34
DA:9,34
DA:13,18
DA:14,18
DA:18,3
DA:19,3
LF:6
LH:6
BRDA:9,0,0,28
BRDA:9,0,1,6
BRF:2
BRH:2
end_of_record
